G:\JULIAN\DATA\Artificial Intelligence\UMNG\04 (2009-I)\Introducción a la Computación Gráfica\Proyectos\Organizado2D\Khale\Debug\Khale.exe
G:\JULIAN\DATA\Artificial Intelligence\UMNG\04 (2009-I)\Introducción a la Computación Gráfica\Proyectos\Organizado2D\Khale\Debug\Khale.pdb
G:\JULIAN\DATA\ARTIFICIAL INTELLIGENCE\UMNG\04 (2009-I)\INTRODUCCIóN A LA COMPUTACIóN GRáFICA\PROYECTOS\ORGANIZADO2D\KHALE\KHALE\DEBUG\ARTICULACION.OBJ
G:\JULIAN\DATA\ARTIFICIAL INTELLIGENCE\UMNG\04 (2009-I)\INTRODUCCIóN A LA COMPUTACIóN GRáFICA\PROYECTOS\ORGANIZADO2D\KHALE\KHALE\DEBUG\CIRCULO.OBJ
G:\JULIAN\DATA\Artificial Intelligence\UMNG\04 (2009-I)\Introducción a la Computación Gráfica\Proyectos\Organizado2D\Khale\Khale\Debug\cl.command.1.tlog
G:\JULIAN\DATA\Artificial Intelligence\UMNG\04 (2009-I)\Introducción a la Computación Gráfica\Proyectos\Organizado2D\Khale\Khale\Debug\CL.read.1.tlog
G:\JULIAN\DATA\Artificial Intelligence\UMNG\04 (2009-I)\Introducción a la Computación Gráfica\Proyectos\Organizado2D\Khale\Khale\Debug\CL.write.1.tlog
G:\JULIAN\DATA\ARTIFICIAL INTELLIGENCE\UMNG\04 (2009-I)\INTRODUCCIóN A LA COMPUTACIóN GRáFICA\PROYECTOS\ORGANIZADO2D\KHALE\KHALE\DEBUG\DATGRAFICA.OBJ
G:\JULIAN\DATA\ARTIFICIAL INTELLIGENCE\UMNG\04 (2009-I)\INTRODUCCIóN A LA COMPUTACIóN GRáFICA\PROYECTOS\ORGANIZADO2D\KHALE\KHALE\DEBUG\DATOS.OBJ
G:\JULIAN\DATA\ARTIFICIAL INTELLIGENCE\UMNG\04 (2009-I)\INTRODUCCIóN A LA COMPUTACIóN GRáFICA\PROYECTOS\ORGANIZADO2D\KHALE\KHALE\DEBUG\ELIPSE.OBJ
G:\JULIAN\DATA\ARTIFICIAL INTELLIGENCE\UMNG\04 (2009-I)\INTRODUCCIóN A LA COMPUTACIóN GRáFICA\PROYECTOS\ORGANIZADO2D\KHALE\KHALE\DEBUG\GRAFICA.OBJ
G:\JULIAN\DATA\Artificial Intelligence\UMNG\04 (2009-I)\Introducción a la Computación Gráfica\Proyectos\Organizado2D\Khale\Khale\Debug\Khale.exe.embed.manifest
G:\JULIAN\DATA\ARTIFICIAL INTELLIGENCE\UMNG\04 (2009-I)\INTRODUCCIóN A LA COMPUTACIóN GRáFICA\PROYECTOS\ORGANIZADO2D\KHALE\KHALE\DEBUG\KHALE.EXE.EMBED.MANIFEST.RES
G:\JULIAN\DATA\Artificial Intelligence\UMNG\04 (2009-I)\Introducción a la Computación Gráfica\Proyectos\Organizado2D\Khale\Khale\Debug\Khale.exe.intermediate.manifest
G:\JULIAN\DATA\ARTIFICIAL INTELLIGENCE\UMNG\04 (2009-I)\INTRODUCCIóN A LA COMPUTACIóN GRáFICA\PROYECTOS\ORGANIZADO2D\KHALE\KHALE\DEBUG\KHALE.OBJ
G:\JULIAN\DATA\ARTIFICIAL INTELLIGENCE\UMNG\04 (2009-I)\INTRODUCCIóN A LA COMPUTACIóN GRáFICA\PROYECTOS\ORGANIZADO2D\KHALE\KHALE\DEBUG\KHALE.PCH
G:\JULIAN\DATA\ARTIFICIAL INTELLIGENCE\UMNG\04 (2009-I)\INTRODUCCIóN A LA COMPUTACIóN GRáFICA\PROYECTOS\ORGANIZADO2D\KHALE\KHALE\DEBUG\KHALE.RES
G:\JULIAN\DATA\Artificial Intelligence\UMNG\04 (2009-I)\Introducción a la Computación Gráfica\Proyectos\Organizado2D\Khale\Khale\Debug\Khale.vcxprojResolveAssemblyReference.cache
G:\JULIAN\DATA\Artificial Intelligence\UMNG\04 (2009-I)\Introducción a la Computación Gráfica\Proyectos\Organizado2D\Khale\Khale\Debug\Khale.write.1.tlog
G:\JULIAN\DATA\Artificial Intelligence\UMNG\04 (2009-I)\Introducción a la Computación Gráfica\Proyectos\Organizado2D\Khale\Khale\Debug\Khale_manifest.rc
G:\JULIAN\DATA\ARTIFICIAL INTELLIGENCE\UMNG\04 (2009-I)\INTRODUCCIóN A LA COMPUTACIóN GRáFICA\PROYECTOS\ORGANIZADO2D\KHALE\KHALE\DEBUG\KHALEDOC.OBJ
G:\JULIAN\DATA\ARTIFICIAL INTELLIGENCE\UMNG\04 (2009-I)\INTRODUCCIóN A LA COMPUTACIóN GRáFICA\PROYECTOS\ORGANIZADO2D\KHALE\KHALE\DEBUG\KHALEVIEW.OBJ
G:\JULIAN\DATA\ARTIFICIAL INTELLIGENCE\UMNG\04 (2009-I)\INTRODUCCIóN A LA COMPUTACIóN GRáFICA\PROYECTOS\ORGANIZADO2D\KHALE\KHALE\DEBUG\LINEA.OBJ
G:\JULIAN\DATA\Artificial Intelligence\UMNG\04 (2009-I)\Introducción a la Computación Gráfica\Proyectos\Organizado2D\Khale\Khale\Debug\link.command.1.tlog
G:\JULIAN\DATA\Artificial Intelligence\UMNG\04 (2009-I)\Introducción a la Computación Gráfica\Proyectos\Organizado2D\Khale\Khale\Debug\link.read.1.tlog
G:\JULIAN\DATA\Artificial Intelligence\UMNG\04 (2009-I)\Introducción a la Computación Gráfica\Proyectos\Organizado2D\Khale\Khale\Debug\link.write.1.tlog
G:\JULIAN\DATA\ARTIFICIAL INTELLIGENCE\UMNG\04 (2009-I)\INTRODUCCIóN A LA COMPUTACIóN GRáFICA\PROYECTOS\ORGANIZADO2D\KHALE\KHALE\DEBUG\MAINFRM.OBJ
G:\JULIAN\DATA\ARTIFICIAL INTELLIGENCE\UMNG\04 (2009-I)\INTRODUCCIóN A LA COMPUTACIóN GRáFICA\PROYECTOS\ORGANIZADO2D\KHALE\KHALE\DEBUG\MULTILINEA.OBJ
G:\JULIAN\DATA\ARTIFICIAL INTELLIGENCE\UMNG\04 (2009-I)\INTRODUCCIóN A LA COMPUTACIóN GRáFICA\PROYECTOS\ORGANIZADO2D\KHALE\KHALE\DEBUG\PILA.OBJ
G:\JULIAN\DATA\ARTIFICIAL INTELLIGENCE\UMNG\04 (2009-I)\INTRODUCCIóN A LA COMPUTACIóN GRáFICA\PROYECTOS\ORGANIZADO2D\KHALE\KHALE\DEBUG\POLIGONO.OBJ
G:\JULIAN\DATA\ARTIFICIAL INTELLIGENCE\UMNG\04 (2009-I)\INTRODUCCIóN A LA COMPUTACIóN GRáFICA\PROYECTOS\ORGANIZADO2D\KHALE\KHALE\DEBUG\POLILINEA.OBJ
G:\JULIAN\DATA\Artificial Intelligence\UMNG\04 (2009-I)\Introducción a la Computación Gráfica\Proyectos\Organizado2D\Khale\Khale\Debug\rc.command.1.tlog
G:\JULIAN\DATA\Artificial Intelligence\UMNG\04 (2009-I)\Introducción a la Computación Gráfica\Proyectos\Organizado2D\Khale\Khale\Debug\rc.read.1.tlog
G:\JULIAN\DATA\Artificial Intelligence\UMNG\04 (2009-I)\Introducción a la Computación Gráfica\Proyectos\Organizado2D\Khale\Khale\Debug\rc.write.1.tlog
G:\JULIAN\DATA\ARTIFICIAL INTELLIGENCE\UMNG\04 (2009-I)\INTRODUCCIóN A LA COMPUTACIóN GRáFICA\PROYECTOS\ORGANIZADO2D\KHALE\KHALE\DEBUG\RELLENO.OBJ
G:\JULIAN\DATA\ARTIFICIAL INTELLIGENCE\UMNG\04 (2009-I)\INTRODUCCIóN A LA COMPUTACIóN GRáFICA\PROYECTOS\ORGANIZADO2D\KHALE\KHALE\DEBUG\STDAFX.OBJ
G:\JULIAN\DATA\Artificial Intelligence\UMNG\04 (2009-I)\Introducción a la Computación Gráfica\Proyectos\Organizado2D\Khale\Khale\Debug\vc100.idb
G:\JULIAN\DATA\ARTIFICIAL INTELLIGENCE\UMNG\04 (2009-I)\INTRODUCCIÓN A LA COMPUTACIÓN GRÁFICA\PROYECTOS\ORGANIZADO2D\KHALE\KHALE\DEBUG\VC100.PDB
G:\JULIAN\DATA\Artificial Intelligence\UMNG\04 (2009-I)\Introducción a la Computación Gráfica\Proyectos\Organizado2D\Khale\Khale\Debug\vc90.idb
G:\JULIAN\DATA\Artificial Intelligence\UMNG\04 (2009-I)\Introducción a la Computación Gráfica\Proyectos\Organizado2D\Khale\Khale\Debug\vc90.pdb
G:\JULIAN\DATA\ARTIFICIAL INTELLIGENCE\UMNG\04 (2009-I)\INTRODUCCIóN A LA COMPUTACIóN GRáFICA\PROYECTOS\ORGANIZADO2D\KHALE\KHALE\DEBUG\VIEWPORT.OBJ
