  stdafx.cpp
  ViewPort.cpp
  Relleno.cpp
g:\julian\data\artificial intelligence\umng\04 (2009-i)\introducción a la computación gráfica\proyectos\organizado2d\khale\khale\relleno.cpp(43): warning C4101: 'pos' : variable local sin referencia
  PoliLinea.cpp
  Poligono.cpp
g:\julian\data\artificial intelligence\umng\04 (2009-i)\introducción a la computación gráfica\proyectos\organizado2d\khale\khale\poligono.cpp(95): warning C4244: '+=' : conversión de 'double' a 'LONG'; posible pérdida de datos
g:\julian\data\artificial intelligence\umng\04 (2009-i)\introducción a la computación gráfica\proyectos\organizado2d\khale\khale\poligono.cpp(96): warning C4244: '+=' : conversión de 'double' a 'LONG'; posible pérdida de datos
g:\julian\data\artificial intelligence\umng\04 (2009-i)\introducción a la computación gráfica\proyectos\organizado2d\khale\khale\poligono.cpp(146): warning C4244: '=' : conversión de 'double' a 'LONG'; posible pérdida de datos
g:\julian\data\artificial intelligence\umng\04 (2009-i)\introducción a la computación gráfica\proyectos\organizado2d\khale\khale\poligono.cpp(147): warning C4244: '=' : conversión de 'double' a 'LONG'; posible pérdida de datos
g:\julian\data\artificial intelligence\umng\04 (2009-i)\introducción a la computación gráfica\proyectos\organizado2d\khale\khale\poligono.cpp(170): warning C4244: '=' : conversión de 'double' a 'LONG'; posible pérdida de datos
g:\julian\data\artificial intelligence\umng\04 (2009-i)\introducción a la computación gráfica\proyectos\organizado2d\khale\khale\poligono.cpp(171): warning C4244: '=' : conversión de 'double' a 'LONG'; posible pérdida de datos
g:\julian\data\artificial intelligence\umng\04 (2009-i)\introducción a la computación gráfica\proyectos\organizado2d\khale\khale\poligono.cpp(203): warning C4244: '=' : conversión de 'double' a 'LONG'; posible pérdida de datos
g:\julian\data\artificial intelligence\umng\04 (2009-i)\introducción a la computación gráfica\proyectos\organizado2d\khale\khale\poligono.cpp(204): warning C4244: '=' : conversión de 'double' a 'LONG'; posible pérdida de datos
g:\julian\data\artificial intelligence\umng\04 (2009-i)\introducción a la computación gráfica\proyectos\organizado2d\khale\khale\poligono.cpp(226): warning C4244: '=' : conversión de 'double' a 'LONG'; posible pérdida de datos
g:\julian\data\artificial intelligence\umng\04 (2009-i)\introducción a la computación gráfica\proyectos\organizado2d\khale\khale\poligono.cpp(227): warning C4244: '=' : conversión de 'double' a 'LONG'; posible pérdida de datos
g:\julian\data\artificial intelligence\umng\04 (2009-i)\introducción a la computación gráfica\proyectos\organizado2d\khale\khale\poligono.cpp(336): warning C4244: '=' : conversión de 'double' a 'LONG'; posible pérdida de datos
g:\julian\data\artificial intelligence\umng\04 (2009-i)\introducción a la computación gráfica\proyectos\organizado2d\khale\khale\poligono.cpp(337): warning C4244: '=' : conversión de 'double' a 'LONG'; posible pérdida de datos
  Pila.cpp
  MultiLinea.cpp
  MainFrm.cpp
  Linea.cpp
g:\julian\data\artificial intelligence\umng\04 (2009-i)\introducción a la computación gráfica\proyectos\organizado2d\khale\khale\linea.cpp(19): warning C4244: '=' : conversión de 'LONG' a 'float'; posible pérdida de datos
g:\julian\data\artificial intelligence\umng\04 (2009-i)\introducción a la computación gráfica\proyectos\organizado2d\khale\khale\linea.cpp(20): warning C4244: '=' : conversión de 'LONG' a 'float'; posible pérdida de datos
g:\julian\data\artificial intelligence\umng\04 (2009-i)\introducción a la computación gráfica\proyectos\organizado2d\khale\khale\linea.cpp(22): warning C4244: '=' : conversión de 'long' a 'float'; posible pérdida de datos
g:\julian\data\artificial intelligence\umng\04 (2009-i)\introducción a la computación gráfica\proyectos\organizado2d\khale\khale\linea.cpp(24): warning C4244: '=' : conversión de 'long' a 'float'; posible pérdida de datos
g:\julian\data\artificial intelligence\umng\04 (2009-i)\introducción a la computación gráfica\proyectos\organizado2d\khale\khale\linea.cpp(25): warning C4244: '=' : conversión de 'LONG' a 'float'; posible pérdida de datos
g:\julian\data\artificial intelligence\umng\04 (2009-i)\introducción a la computación gráfica\proyectos\organizado2d\khale\khale\linea.cpp(25): warning C4244: '=' : conversión de 'LONG' a 'float'; posible pérdida de datos
g:\julian\data\artificial intelligence\umng\04 (2009-i)\introducción a la computación gráfica\proyectos\organizado2d\khale\khale\linea.cpp(154): warning C4244: '=' : conversión de 'LONG' a 'float'; posible pérdida de datos
g:\julian\data\artificial intelligence\umng\04 (2009-i)\introducción a la computación gráfica\proyectos\organizado2d\khale\khale\linea.cpp(155): warning C4244: '=' : conversión de 'LONG' a 'float'; posible pérdida de datos
g:\julian\data\artificial intelligence\umng\04 (2009-i)\introducción a la computación gráfica\proyectos\organizado2d\khale\khale\linea.cpp(157): warning C4244: '=' : conversión de 'long' a 'float'; posible pérdida de datos
g:\julian\data\artificial intelligence\umng\04 (2009-i)\introducción a la computación gráfica\proyectos\organizado2d\khale\khale\linea.cpp(159): warning C4244: '=' : conversión de 'long' a 'float'; posible pérdida de datos
g:\julian\data\artificial intelligence\umng\04 (2009-i)\introducción a la computación gráfica\proyectos\organizado2d\khale\khale\linea.cpp(160): warning C4244: '=' : conversión de 'LONG' a 'float'; posible pérdida de datos
g:\julian\data\artificial intelligence\umng\04 (2009-i)\introducción a la computación gráfica\proyectos\organizado2d\khale\khale\linea.cpp(160): warning C4244: '=' : conversión de 'LONG' a 'float'; posible pérdida de datos
  KhaleView.cpp
g:\julian\data\artificial intelligence\umng\04 (2009-i)\introducción a la computación gráfica\proyectos\organizado2d\khale\khale\khaleview.cpp(546): warning C4800: 'BOOL' : forzando el valor a bool 'true' o 'false' (advertencia de rendimiento)
g:\julian\data\artificial intelligence\umng\04 (2009-i)\introducción a la computación gráfica\proyectos\organizado2d\khale\khale\khaleview.cpp(547): warning C4800: 'BOOL' : forzando el valor a bool 'true' o 'false' (advertencia de rendimiento)
g:\julian\data\artificial intelligence\umng\04 (2009-i)\introducción a la computación gráfica\proyectos\organizado2d\khale\khale\khaleview.cpp(558): warning C4244: 'argumento' : conversión de 'float' a 'int'; posible pérdida de datos
g:\julian\data\artificial intelligence\umng\04 (2009-i)\introducción a la computación gráfica\proyectos\organizado2d\khale\khale\khaleview.cpp(558): warning C4244: 'argumento' : conversión de 'float' a 'int'; posible pérdida de datos
g:\julian\data\artificial intelligence\umng\04 (2009-i)\introducción a la computación gráfica\proyectos\organizado2d\khale\khale\khaleview.cpp(618): warning C4244: '=' : conversión de 'double' a 'int'; posible pérdida de datos
g:\julian\data\artificial intelligence\umng\04 (2009-i)\introducción a la computación gráfica\proyectos\organizado2d\khale\khale\khaleview.cpp(619): warning C4244: '=' : conversión de 'double' a 'int'; posible pérdida de datos
g:\julian\data\artificial intelligence\umng\04 (2009-i)\introducción a la computación gráfica\proyectos\organizado2d\khale\khale\khaleview.cpp(623): warning C4244: '=' : conversión de 'double' a 'int'; posible pérdida de datos
g:\julian\data\artificial intelligence\umng\04 (2009-i)\introducción a la computación gráfica\proyectos\organizado2d\khale\khale\khaleview.cpp(624): warning C4244: '=' : conversión de 'double' a 'int'; posible pérdida de datos
g:\julian\data\artificial intelligence\umng\04 (2009-i)\introducción a la computación gráfica\proyectos\organizado2d\khale\khale\khaleview.cpp(625): warning C4244: '=' : conversión de 'double' a 'int'; posible pérdida de datos
g:\julian\data\artificial intelligence\umng\04 (2009-i)\introducción a la computación gráfica\proyectos\organizado2d\khale\khale\khaleview.cpp(626): warning C4244: '=' : conversión de 'double' a 'int'; posible pérdida de datos
g:\julian\data\artificial intelligence\umng\04 (2009-i)\introducción a la computación gráfica\proyectos\organizado2d\khale\khale\khaleview.cpp(631): warning C4305: 'argumento' : truncamiento de 'double' a 'float'
g:\julian\data\artificial intelligence\umng\04 (2009-i)\introducción a la computación gráfica\proyectos\organizado2d\khale\khale\khaleview.cpp(632): warning C4305: 'argumento' : truncamiento de 'double' a 'float'
g:\julian\data\artificial intelligence\umng\04 (2009-i)\introducción a la computación gráfica\proyectos\organizado2d\khale\khale\khaleview.cpp(633): warning C4305: 'argumento' : truncamiento de 'double' a 'float'
g:\julian\data\artificial intelligence\umng\04 (2009-i)\introducción a la computación gráfica\proyectos\organizado2d\khale\khale\khaleview.cpp(663): warning C4244: '=' : conversión de 'double' a 'int'; posible pérdida de datos
g:\julian\data\artificial intelligence\umng\04 (2009-i)\introducción a la computación gráfica\proyectos\organizado2d\khale\khale\khaleview.cpp(664): warning C4244: '=' : conversión de 'double' a 'int'; posible pérdida de datos
g:\julian\data\artificial intelligence\umng\04 (2009-i)\introducción a la computación gráfica\proyectos\organizado2d\khale\khale\khaleview.cpp(668): warning C4244: '=' : conversión de 'double' a 'int'; posible pérdida de datos
g:\julian\data\artificial intelligence\umng\04 (2009-i)\introducción a la computación gráfica\proyectos\organizado2d\khale\khale\khaleview.cpp(669): warning C4244: '=' : conversión de 'double' a 'int'; posible pérdida de datos
g:\julian\data\artificial intelligence\umng\04 (2009-i)\introducción a la computación gráfica\proyectos\organizado2d\khale\khale\khaleview.cpp(670): warning C4244: '=' : conversión de 'double' a 'int'; posible pérdida de datos
g:\julian\data\artificial intelligence\umng\04 (2009-i)\introducción a la computación gráfica\proyectos\organizado2d\khale\khale\khaleview.cpp(671): warning C4244: '=' : conversión de 'double' a 'int'; posible pérdida de datos
g:\julian\data\artificial intelligence\umng\04 (2009-i)\introducción a la computación gráfica\proyectos\organizado2d\khale\khale\khaleview.cpp(676): warning C4305: 'argumento' : truncamiento de 'double' a 'float'
g:\julian\data\artificial intelligence\umng\04 (2009-i)\introducción a la computación gráfica\proyectos\organizado2d\khale\khale\khaleview.cpp(677): warning C4305: 'argumento' : truncamiento de 'double' a 'float'
g:\julian\data\artificial intelligence\umng\04 (2009-i)\introducción a la computación gráfica\proyectos\organizado2d\khale\khale\khaleview.cpp(678): warning C4305: 'argumento' : truncamiento de 'double' a 'float'
g:\julian\data\artificial intelligence\umng\04 (2009-i)\introducción a la computación gráfica\proyectos\organizado2d\khale\khale\khaleview.cpp(708): warning C4244: '=' : conversión de 'double' a 'int'; posible pérdida de datos
g:\julian\data\artificial intelligence\umng\04 (2009-i)\introducción a la computación gráfica\proyectos\organizado2d\khale\khale\khaleview.cpp(709): warning C4244: '=' : conversión de 'double' a 'int'; posible pérdida de datos
g:\julian\data\artificial intelligence\umng\04 (2009-i)\introducción a la computación gráfica\proyectos\organizado2d\khale\khale\khaleview.cpp(714): warning C4305: 'argumento' : truncamiento de 'double' a 'float'
g:\julian\data\artificial intelligence\umng\04 (2009-i)\introducción a la computación gráfica\proyectos\organizado2d\khale\khale\khaleview.cpp(715): warning C4305: 'argumento' : truncamiento de 'double' a 'float'
g:\julian\data\artificial intelligence\umng\04 (2009-i)\introducción a la computación gráfica\proyectos\organizado2d\khale\khale\khaleview.cpp(744): warning C4244: '=' : conversión de 'double' a 'int'; posible pérdida de datos
g:\julian\data\artificial intelligence\umng\04 (2009-i)\introducción a la computación gráfica\proyectos\organizado2d\khale\khale\khaleview.cpp(745): warning C4244: '=' : conversión de 'double' a 'int'; posible pérdida de datos
g:\julian\data\artificial intelligence\umng\04 (2009-i)\introducción a la computación gráfica\proyectos\organizado2d\khale\khale\khaleview.cpp(750): warning C4305: 'argumento' : truncamiento de 'double' a 'float'
g:\julian\data\artificial intelligence\umng\04 (2009-i)\introducción a la computación gráfica\proyectos\organizado2d\khale\khale\khaleview.cpp(751): warning C4305: 'argumento' : truncamiento de 'double' a 'float'
g:\julian\data\artificial intelligence\umng\04 (2009-i)\introducción a la computación gráfica\proyectos\organizado2d\khale\khale\khaleview.cpp(779): warning C4305: 'argumento' : truncamiento de 'double' a 'float'
g:\julian\data\artificial intelligence\umng\04 (2009-i)\introducción a la computación gráfica\proyectos\organizado2d\khale\khale\khaleview.cpp(770): warning C4101: 'xp' : variable local sin referencia
g:\julian\data\artificial intelligence\umng\04 (2009-i)\introducción a la computación gráfica\proyectos\organizado2d\khale\khale\khaleview.cpp(770): warning C4101: 'yp' : variable local sin referencia
g:\julian\data\artificial intelligence\umng\04 (2009-i)\introducción a la computación gráfica\proyectos\organizado2d\khale\khale\khaleview.cpp(806): warning C4305: 'argumento' : truncamiento de 'double' a 'float'
g:\julian\data\artificial intelligence\umng\04 (2009-i)\introducción a la computación gráfica\proyectos\organizado2d\khale\khale\khaleview.cpp(797): warning C4101: 'xp' : variable local sin referencia
g:\julian\data\artificial intelligence\umng\04 (2009-i)\introducción a la computación gráfica\proyectos\organizado2d\khale\khale\khaleview.cpp(797): warning C4101: 'yp' : variable local sin referencia
g:\julian\data\artificial intelligence\umng\04 (2009-i)\introducción a la computación gráfica\proyectos\organizado2d\khale\khale\khaleview.cpp(843): warning C4305: 'argumento' : truncamiento de 'double' a 'float'
g:\julian\data\artificial intelligence\umng\04 (2009-i)\introducción a la computación gráfica\proyectos\organizado2d\khale\khale\khaleview.cpp(844): warning C4305: 'argumento' : truncamiento de 'double' a 'float'
g:\julian\data\artificial intelligence\umng\04 (2009-i)\introducción a la computación gráfica\proyectos\organizado2d\khale\khale\khaleview.cpp(845): warning C4305: 'argumento' : truncamiento de 'double' a 'float'
g:\julian\data\artificial intelligence\umng\04 (2009-i)\introducción a la computación gráfica\proyectos\organizado2d\khale\khale\khaleview.cpp(846): warning C4305: 'argumento' : truncamiento de 'double' a 'float'
g:\julian\data\artificial intelligence\umng\04 (2009-i)\introducción a la computación gráfica\proyectos\organizado2d\khale\khale\khaleview.cpp(847): warning C4305: 'argumento' : truncamiento de 'double' a 'float'
g:\julian\data\artificial intelligence\umng\04 (2009-i)\introducción a la computación gráfica\proyectos\organizado2d\khale\khale\khaleview.cpp(848): warning C4305: 'argumento' : truncamiento de 'double' a 'float'
g:\julian\data\artificial intelligence\umng\04 (2009-i)\introducción a la computación gráfica\proyectos\organizado2d\khale\khale\khaleview.cpp(871): warning C4305: 'argumento' : truncamiento de 'double' a 'float'
g:\julian\data\artificial intelligence\umng\04 (2009-i)\introducción a la computación gráfica\proyectos\organizado2d\khale\khale\khaleview.cpp(872): warning C4305: 'argumento' : truncamiento de 'double' a 'float'
g:\julian\data\artificial intelligence\umng\04 (2009-i)\introducción a la computación gráfica\proyectos\organizado2d\khale\khale\khaleview.cpp(873): warning C4305: 'argumento' : truncamiento de 'double' a 'float'
g:\julian\data\artificial intelligence\umng\04 (2009-i)\introducción a la computación gráfica\proyectos\organizado2d\khale\khale\khaleview.cpp(874): warning C4305: 'argumento' : truncamiento de 'double' a 'float'
g:\julian\data\artificial intelligence\umng\04 (2009-i)\introducción a la computación gráfica\proyectos\organizado2d\khale\khale\khaleview.cpp(875): warning C4305: 'argumento' : truncamiento de 'double' a 'float'
g:\julian\data\artificial intelligence\umng\04 (2009-i)\introducción a la computación gráfica\proyectos\organizado2d\khale\khale\khaleview.cpp(876): warning C4305: 'argumento' : truncamiento de 'double' a 'float'
g:\julian\data\artificial intelligence\umng\04 (2009-i)\introducción a la computación gráfica\proyectos\organizado2d\khale\khale\khaleview.cpp(899): warning C4305: 'argumento' : truncamiento de 'double' a 'float'
g:\julian\data\artificial intelligence\umng\04 (2009-i)\introducción a la computación gráfica\proyectos\organizado2d\khale\khale\khaleview.cpp(900): warning C4305: 'argumento' : truncamiento de 'double' a 'float'
g:\julian\data\artificial intelligence\umng\04 (2009-i)\introducción a la computación gráfica\proyectos\organizado2d\khale\khale\khaleview.cpp(901): warning C4305: 'argumento' : truncamiento de 'double' a 'float'
g:\julian\data\artificial intelligence\umng\04 (2009-i)\introducción a la computación gráfica\proyectos\organizado2d\khale\khale\khaleview.cpp(902): warning C4305: 'argumento' : truncamiento de 'double' a 'float'
g:\julian\data\artificial intelligence\umng\04 (2009-i)\introducción a la computación gráfica\proyectos\organizado2d\khale\khale\khaleview.cpp(925): warning C4305: 'argumento' : truncamiento de 'double' a 'float'
g:\julian\data\artificial intelligence\umng\04 (2009-i)\introducción a la computación gráfica\proyectos\organizado2d\khale\khale\khaleview.cpp(926): warning C4305: 'argumento' : truncamiento de 'double' a 'float'
g:\julian\data\artificial intelligence\umng\04 (2009-i)\introducción a la computación gráfica\proyectos\organizado2d\khale\khale\khaleview.cpp(927): warning C4305: 'argumento' : truncamiento de 'double' a 'float'
g:\julian\data\artificial intelligence\umng\04 (2009-i)\introducción a la computación gráfica\proyectos\organizado2d\khale\khale\khaleview.cpp(928): warning C4305: 'argumento' : truncamiento de 'double' a 'float'
g:\julian\data\artificial intelligence\umng\04 (2009-i)\introducción a la computación gráfica\proyectos\organizado2d\khale\khale\khaleview.cpp(951): warning C4305: 'argumento' : truncamiento de 'double' a 'float'
g:\julian\data\artificial intelligence\umng\04 (2009-i)\introducción a la computación gráfica\proyectos\organizado2d\khale\khale\khaleview.cpp(952): warning C4305: 'argumento' : truncamiento de 'double' a 'float'
g:\julian\data\artificial intelligence\umng\04 (2009-i)\introducción a la computación gráfica\proyectos\organizado2d\khale\khale\khaleview.cpp(975): warning C4305: 'argumento' : truncamiento de 'double' a 'float'
g:\julian\data\artificial intelligence\umng\04 (2009-i)\introducción a la computación gráfica\proyectos\organizado2d\khale\khale\khaleview.cpp(976): warning C4305: 'argumento' : truncamiento de 'double' a 'float'
g:\julian\data\artificial intelligence\umng\04 (2009-i)\introducción a la computación gráfica\proyectos\organizado2d\khale\khale\khaleview.cpp(999): warning C4305: 'argumento' : truncamiento de 'double' a 'float'
g:\julian\data\artificial intelligence\umng\04 (2009-i)\introducción a la computación gráfica\proyectos\organizado2d\khale\khale\khaleview.cpp(1000): warning C4305: 'argumento' : truncamiento de 'double' a 'float'
g:\julian\data\artificial intelligence\umng\04 (2009-i)\introducción a la computación gráfica\proyectos\organizado2d\khale\khale\khaleview.cpp(1001): warning C4305: 'argumento' : truncamiento de 'double' a 'float'
g:\julian\data\artificial intelligence\umng\04 (2009-i)\introducción a la computación gráfica\proyectos\organizado2d\khale\khale\khaleview.cpp(1002): warning C4305: 'argumento' : truncamiento de 'double' a 'float'
g:\julian\data\artificial intelligence\umng\04 (2009-i)\introducción a la computación gráfica\proyectos\organizado2d\khale\khale\khaleview.cpp(1003): warning C4305: 'argumento' : truncamiento de 'double' a 'float'
g:\julian\data\artificial intelligence\umng\04 (2009-i)\introducción a la computación gráfica\proyectos\organizado2d\khale\khale\khaleview.cpp(1004): warning C4305: 'argumento' : truncamiento de 'double' a 'float'
g:\julian\data\artificial intelligence\umng\04 (2009-i)\introducción a la computación gráfica\proyectos\organizado2d\khale\khale\khaleview.cpp(1027): warning C4305: 'argumento' : truncamiento de 'double' a 'float'
g:\julian\data\artificial intelligence\umng\04 (2009-i)\introducción a la computación gráfica\proyectos\organizado2d\khale\khale\khaleview.cpp(1028): warning C4305: 'argumento' : truncamiento de 'double' a 'float'
g:\julian\data\artificial intelligence\umng\04 (2009-i)\introducción a la computación gráfica\proyectos\organizado2d\khale\khale\khaleview.cpp(1029): warning C4305: 'argumento' : truncamiento de 'double' a 'float'
g:\julian\data\artificial intelligence\umng\04 (2009-i)\introducción a la computación gráfica\proyectos\organizado2d\khale\khale\khaleview.cpp(1030): warning C4305: 'argumento' : truncamiento de 'double' a 'float'
g:\julian\data\artificial intelligence\umng\04 (2009-i)\introducción a la computación gráfica\proyectos\organizado2d\khale\khale\khaleview.cpp(1031): warning C4305: 'argumento' : truncamiento de 'double' a 'float'
g:\julian\data\artificial intelligence\umng\04 (2009-i)\introducción a la computación gráfica\proyectos\organizado2d\khale\khale\khaleview.cpp(1032): warning C4305: 'argumento' : truncamiento de 'double' a 'float'
g:\julian\data\artificial intelligence\umng\04 (2009-i)\introducción a la computación gráfica\proyectos\organizado2d\khale\khale\khaleview.cpp(1055): warning C4305: 'argumento' : truncamiento de 'double' a 'float'
g:\julian\data\artificial intelligence\umng\04 (2009-i)\introducción a la computación gráfica\proyectos\organizado2d\khale\khale\khaleview.cpp(1056): warning C4305: 'argumento' : truncamiento de 'double' a 'float'
g:\julian\data\artificial intelligence\umng\04 (2009-i)\introducción a la computación gráfica\proyectos\organizado2d\khale\khale\khaleview.cpp(1057): warning C4305: 'argumento' : truncamiento de 'double' a 'float'
g:\julian\data\artificial intelligence\umng\04 (2009-i)\introducción a la computación gráfica\proyectos\organizado2d\khale\khale\khaleview.cpp(1058): warning C4305: 'argumento' : truncamiento de 'double' a 'float'
g:\julian\data\artificial intelligence\umng\04 (2009-i)\introducción a la computación gráfica\proyectos\organizado2d\khale\khale\khaleview.cpp(1081): warning C4305: 'argumento' : truncamiento de 'double' a 'float'
g:\julian\data\artificial intelligence\umng\04 (2009-i)\introducción a la computación gráfica\proyectos\organizado2d\khale\khale\khaleview.cpp(1082): warning C4305: 'argumento' : truncamiento de 'double' a 'float'
g:\julian\data\artificial intelligence\umng\04 (2009-i)\introducción a la computación gráfica\proyectos\organizado2d\khale\khale\khaleview.cpp(1083): warning C4305: 'argumento' : truncamiento de 'double' a 'float'
g:\julian\data\artificial intelligence\umng\04 (2009-i)\introducción a la computación gráfica\proyectos\organizado2d\khale\khale\khaleview.cpp(1084): warning C4305: 'argumento' : truncamiento de 'double' a 'float'
g:\julian\data\artificial intelligence\umng\04 (2009-i)\introducción a la computación gráfica\proyectos\organizado2d\khale\khale\khaleview.cpp(1106): warning C4305: 'argumento' : truncamiento de 'double' a 'float'
g:\julian\data\artificial intelligence\umng\04 (2009-i)\introducción a la computación gráfica\proyectos\organizado2d\khale\khale\khaleview.cpp(1107): warning C4305: 'argumento' : truncamiento de 'double' a 'float'
g:\julian\data\artificial intelligence\umng\04 (2009-i)\introducción a la computación gráfica\proyectos\organizado2d\khale\khale\khaleview.cpp(1130): warning C4305: 'argumento' : truncamiento de 'double' a 'float'
g:\julian\data\artificial intelligence\umng\04 (2009-i)\introducción a la computación gráfica\proyectos\organizado2d\khale\khale\khaleview.cpp(1131): warning C4305: 'argumento' : truncamiento de 'double' a 'float'
  KhaleDoc.cpp
  Khale.cpp
  Grafica.cpp
g:\julian\data\artificial intelligence\umng\04 (2009-i)\introducción a la computación gráfica\proyectos\organizado2d\khale\khale\grafica.cpp(59): warning C4244: 'argumento' : conversión de 'double' a 'int'; posible pérdida de datos
g:\julian\data\artificial intelligence\umng\04 (2009-i)\introducción a la computación gráfica\proyectos\organizado2d\khale\khale\grafica.cpp(60): warning C4244: 'argumento' : conversión de 'double' a 'int'; posible pérdida de datos
g:\julian\data\artificial intelligence\umng\04 (2009-i)\introducción a la computación gráfica\proyectos\organizado2d\khale\khale\grafica.cpp(61): warning C4244: 'argumento' : conversión de 'double' a 'int'; posible pérdida de datos
g:\julian\data\artificial intelligence\umng\04 (2009-i)\introducción a la computación gráfica\proyectos\organizado2d\khale\khale\grafica.cpp(62): warning C4244: 'argumento' : conversión de 'double' a 'int'; posible pérdida de datos
g:\julian\data\artificial intelligence\umng\04 (2009-i)\introducción a la computación gráfica\proyectos\organizado2d\khale\khale\grafica.cpp(63): warning C4244: 'argumento' : conversión de 'double' a 'int'; posible pérdida de datos
g:\julian\data\artificial intelligence\umng\04 (2009-i)\introducción a la computación gráfica\proyectos\organizado2d\khale\khale\grafica.cpp(64): warning C4244: 'argumento' : conversión de 'double' a 'int'; posible pérdida de datos
g:\julian\data\artificial intelligence\umng\04 (2009-i)\introducción a la computación gráfica\proyectos\organizado2d\khale\khale\grafica.cpp(65): warning C4244: 'argumento' : conversión de 'double' a 'int'; posible pérdida de datos
g:\julian\data\artificial intelligence\umng\04 (2009-i)\introducción a la computación gráfica\proyectos\organizado2d\khale\khale\grafica.cpp(66): warning C4244: 'argumento' : conversión de 'double' a 'int'; posible pérdida de datos
g:\julian\data\artificial intelligence\umng\04 (2009-i)\introducción a la computación gráfica\proyectos\organizado2d\khale\khale\grafica.cpp(69): warning C4244: 'argumento' : conversión de 'double' a 'int'; posible pérdida de datos
g:\julian\data\artificial intelligence\umng\04 (2009-i)\introducción a la computación gráfica\proyectos\organizado2d\khale\khale\grafica.cpp(75): warning C4244: 'argumento' : conversión de 'double' a 'int'; posible pérdida de datos
g:\julian\data\artificial intelligence\umng\04 (2009-i)\introducción a la computación gráfica\proyectos\organizado2d\khale\khale\grafica.cpp(76): warning C4244: 'argumento' : conversión de 'double' a 'int'; posible pérdida de datos
g:\julian\data\artificial intelligence\umng\04 (2009-i)\introducción a la computación gráfica\proyectos\organizado2d\khale\khale\grafica.cpp(77): warning C4244: 'argumento' : conversión de 'double' a 'int'; posible pérdida de datos
g:\julian\data\artificial intelligence\umng\04 (2009-i)\introducción a la computación gráfica\proyectos\organizado2d\khale\khale\grafica.cpp(78): warning C4244: 'argumento' : conversión de 'double' a 'int'; posible pérdida de datos
g:\julian\data\artificial intelligence\umng\04 (2009-i)\introducción a la computación gráfica\proyectos\organizado2d\khale\khale\grafica.cpp(79): warning C4244: 'argumento' : conversión de 'double' a 'int'; posible pérdida de datos
g:\julian\data\artificial intelligence\umng\04 (2009-i)\introducción a la computación gráfica\proyectos\organizado2d\khale\khale\grafica.cpp(80): warning C4244: 'argumento' : conversión de 'double' a 'int'; posible pérdida de datos
g:\julian\data\artificial intelligence\umng\04 (2009-i)\introducción a la computación gráfica\proyectos\organizado2d\khale\khale\grafica.cpp(81): warning C4244: 'argumento' : conversión de 'double' a 'int'; posible pérdida de datos
g:\julian\data\artificial intelligence\umng\04 (2009-i)\introducción a la computación gráfica\proyectos\organizado2d\khale\khale\grafica.cpp(82): warning C4244: 'argumento' : conversión de 'double' a 'int'; posible pérdida de datos
g:\julian\data\artificial intelligence\umng\04 (2009-i)\introducción a la computación gráfica\proyectos\organizado2d\khale\khale\grafica.cpp(85): warning C4244: 'argumento' : conversión de 'double' a 'int'; posible pérdida de datos
g:\julian\data\artificial intelligence\umng\04 (2009-i)\introducción a la computación gráfica\proyectos\organizado2d\khale\khale\grafica.cpp(97): warning C4244: '=' : conversión de 'double' a 'float'; posible pérdida de datos
g:\julian\data\artificial intelligence\umng\04 (2009-i)\introducción a la computación gráfica\proyectos\organizado2d\khale\khale\grafica.cpp(100): warning C4244: 'argumento' : conversión de 'double' a 'int'; posible pérdida de datos
  Elipse.cpp
g:\julian\data\artificial intelligence\umng\04 (2009-i)\introducción a la computación gráfica\proyectos\organizado2d\khale\khale\elipse.cpp(25): warning C4244: '=' : conversión de 'double' a 'LONG'; posible pérdida de datos
g:\julian\data\artificial intelligence\umng\04 (2009-i)\introducción a la computación gráfica\proyectos\organizado2d\khale\khale\elipse.cpp(27): warning C4244: '=' : conversión de 'double' a 'LONG'; posible pérdida de datos
g:\julian\data\artificial intelligence\umng\04 (2009-i)\introducción a la computación gráfica\proyectos\organizado2d\khale\khale\elipse.cpp(29): warning C4244: '=' : conversión de 'double' a 'LONG'; posible pérdida de datos
g:\julian\data\artificial intelligence\umng\04 (2009-i)\introducción a la computación gráfica\proyectos\organizado2d\khale\khale\elipse.cpp(31): warning C4244: '=' : conversión de 'double' a 'LONG'; posible pérdida de datos
g:\julian\data\artificial intelligence\umng\04 (2009-i)\introducción a la computación gráfica\proyectos\organizado2d\khale\khale\elipse.cpp(35): warning C4244: 'argumento' : conversión de 'double' a 'int'; posible pérdida de datos
g:\julian\data\artificial intelligence\umng\04 (2009-i)\introducción a la computación gráfica\proyectos\organizado2d\khale\khale\elipse.cpp(35): warning C4244: 'argumento' : conversión de 'double' a 'int'; posible pérdida de datos
g:\julian\data\artificial intelligence\umng\04 (2009-i)\introducción a la computación gráfica\proyectos\organizado2d\khale\khale\elipse.cpp(36): warning C4244: 'argumento' : conversión de 'double' a 'int'; posible pérdida de datos
g:\julian\data\artificial intelligence\umng\04 (2009-i)\introducción a la computación gráfica\proyectos\organizado2d\khale\khale\elipse.cpp(36): warning C4244: 'argumento' : conversión de 'double' a 'int'; posible pérdida de datos
g:\julian\data\artificial intelligence\umng\04 (2009-i)\introducción a la computación gráfica\proyectos\organizado2d\khale\khale\elipse.cpp(37): warning C4244: 'argumento' : conversión de 'double' a 'int'; posible pérdida de datos
g:\julian\data\artificial intelligence\umng\04 (2009-i)\introducción a la computación gráfica\proyectos\organizado2d\khale\khale\elipse.cpp(37): warning C4244: 'argumento' : conversión de 'double' a 'int'; posible pérdida de datos
g:\julian\data\artificial intelligence\umng\04 (2009-i)\introducción a la computación gráfica\proyectos\organizado2d\khale\khale\elipse.cpp(38): warning C4244: 'argumento' : conversión de 'double' a 'int'; posible pérdida de datos
g:\julian\data\artificial intelligence\umng\04 (2009-i)\introducción a la computación gráfica\proyectos\organizado2d\khale\khale\elipse.cpp(38): warning C4244: 'argumento' : conversión de 'double' a 'int'; posible pérdida de datos
g:\julian\data\artificial intelligence\umng\04 (2009-i)\introducción a la computación gráfica\proyectos\organizado2d\khale\khale\elipse.cpp(48): warning C4244: '=' : conversión de 'double' a 'LONG'; posible pérdida de datos
g:\julian\data\artificial intelligence\umng\04 (2009-i)\introducción a la computación gráfica\proyectos\organizado2d\khale\khale\elipse.cpp(50): warning C4244: '=' : conversión de 'double' a 'LONG'; posible pérdida de datos
g:\julian\data\artificial intelligence\umng\04 (2009-i)\introducción a la computación gráfica\proyectos\organizado2d\khale\khale\elipse.cpp(52): warning C4244: '=' : conversión de 'double' a 'LONG'; posible pérdida de datos
g:\julian\data\artificial intelligence\umng\04 (2009-i)\introducción a la computación gráfica\proyectos\organizado2d\khale\khale\elipse.cpp(54): warning C4244: '=' : conversión de 'double' a 'LONG'; posible pérdida de datos
g:\julian\data\artificial intelligence\umng\04 (2009-i)\introducción a la computación gráfica\proyectos\organizado2d\khale\khale\elipse.cpp(59): warning C4244: 'argumento' : conversión de 'double' a 'int'; posible pérdida de datos
g:\julian\data\artificial intelligence\umng\04 (2009-i)\introducción a la computación gráfica\proyectos\organizado2d\khale\khale\elipse.cpp(59): warning C4244: 'argumento' : conversión de 'double' a 'int'; posible pérdida de datos
g:\julian\data\artificial intelligence\umng\04 (2009-i)\introducción a la computación gráfica\proyectos\organizado2d\khale\khale\elipse.cpp(60): warning C4244: 'argumento' : conversión de 'double' a 'int'; posible pérdida de datos
g:\julian\data\artificial intelligence\umng\04 (2009-i)\introducción a la computación gráfica\proyectos\organizado2d\khale\khale\elipse.cpp(60): warning C4244: 'argumento' : conversión de 'double' a 'int'; posible pérdida de datos
g:\julian\data\artificial intelligence\umng\04 (2009-i)\introducción a la computación gráfica\proyectos\organizado2d\khale\khale\elipse.cpp(72): warning C4244: 'argumento' : conversión de 'double' a 'int'; posible pérdida de datos
g:\julian\data\artificial intelligence\umng\04 (2009-i)\introducción a la computación gráfica\proyectos\organizado2d\khale\khale\elipse.cpp(72): warning C4244: 'argumento' : conversión de 'double' a 'int'; posible pérdida de datos
g:\julian\data\artificial intelligence\umng\04 (2009-i)\introducción a la computación gráfica\proyectos\organizado2d\khale\khale\elipse.cpp(73): warning C4244: 'argumento' : conversión de 'double' a 'int'; posible pérdida de datos
g:\julian\data\artificial intelligence\umng\04 (2009-i)\introducción a la computación gráfica\proyectos\organizado2d\khale\khale\elipse.cpp(73): warning C4244: 'argumento' : conversión de 'double' a 'int'; posible pérdida de datos
g:\julian\data\artificial intelligence\umng\04 (2009-i)\introducción a la computación gráfica\proyectos\organizado2d\khale\khale\elipse.cpp(74): warning C4244: 'argumento' : conversión de 'double' a 'int'; posible pérdida de datos
g:\julian\data\artificial intelligence\umng\04 (2009-i)\introducción a la computación gráfica\proyectos\organizado2d\khale\khale\elipse.cpp(74): warning C4244: 'argumento' : conversión de 'double' a 'int'; posible pérdida de datos
g:\julian\data\artificial intelligence\umng\04 (2009-i)\introducción a la computación gráfica\proyectos\organizado2d\khale\khale\elipse.cpp(75): warning C4244: 'argumento' : conversión de 'double' a 'int'; posible pérdida de datos
g:\julian\data\artificial intelligence\umng\04 (2009-i)\introducción a la computación gráfica\proyectos\organizado2d\khale\khale\elipse.cpp(75): warning C4244: 'argumento' : conversión de 'double' a 'int'; posible pérdida de datos
g:\julian\data\artificial intelligence\umng\04 (2009-i)\introducción a la computación gráfica\proyectos\organizado2d\khale\khale\elipse.cpp(90): warning C4244: 'argumento' : conversión de 'double' a 'int'; posible pérdida de datos
g:\julian\data\artificial intelligence\umng\04 (2009-i)\introducción a la computación gráfica\proyectos\organizado2d\khale\khale\elipse.cpp(90): warning C4244: 'argumento' : conversión de 'double' a 'int'; posible pérdida de datos
g:\julian\data\artificial intelligence\umng\04 (2009-i)\introducción a la computación gráfica\proyectos\organizado2d\khale\khale\elipse.cpp(91): warning C4244: 'argumento' : conversión de 'double' a 'int'; posible pérdida de datos
g:\julian\data\artificial intelligence\umng\04 (2009-i)\introducción a la computación gráfica\proyectos\organizado2d\khale\khale\elipse.cpp(91): warning C4244: 'argumento' : conversión de 'double' a 'int'; posible pérdida de datos
g:\julian\data\artificial intelligence\umng\04 (2009-i)\introducción a la computación gráfica\proyectos\organizado2d\khale\khale\elipse.cpp(92): warning C4244: 'argumento' : conversión de 'double' a 'int'; posible pérdida de datos
g:\julian\data\artificial intelligence\umng\04 (2009-i)\introducción a la computación gráfica\proyectos\organizado2d\khale\khale\elipse.cpp(92): warning C4244: 'argumento' : conversión de 'double' a 'int'; posible pérdida de datos
g:\julian\data\artificial intelligence\umng\04 (2009-i)\introducción a la computación gráfica\proyectos\organizado2d\khale\khale\elipse.cpp(93): warning C4244: 'argumento' : conversión de 'double' a 'int'; posible pérdida de datos
g:\julian\data\artificial intelligence\umng\04 (2009-i)\introducción a la computación gráfica\proyectos\organizado2d\khale\khale\elipse.cpp(93): warning C4244: 'argumento' : conversión de 'double' a 'int'; posible pérdida de datos
  Datos.cpp
  DatGrafica.cpp
g:\julian\data\artificial intelligence\umng\04 (2009-i)\introducción a la computación gráfica\proyectos\organizado2d\khale\khale\datgrafica.cpp(29): warning C4305: 'argumento' : truncamiento de 'double' a 'float'
g:\julian\data\artificial intelligence\umng\04 (2009-i)\introducción a la computación gráfica\proyectos\organizado2d\khale\khale\datgrafica.cpp(31): warning C4305: 'argumento' : truncamiento de 'double' a 'float'
  Circulo.cpp
g:\julian\data\artificial intelligence\umng\04 (2009-i)\introducción a la computación gráfica\proyectos\organizado2d\khale\khale\circulo.cpp(24): warning C4244: 'argumento' : conversión de 'double' a 'int'; posible pérdida de datos
g:\julian\data\artificial intelligence\umng\04 (2009-i)\introducción a la computación gráfica\proyectos\organizado2d\khale\khale\circulo.cpp(24): warning C4244: 'argumento' : conversión de 'double' a 'int'; posible pérdida de datos
g:\julian\data\artificial intelligence\umng\04 (2009-i)\introducción a la computación gráfica\proyectos\organizado2d\khale\khale\circulo.cpp(26): warning C4244: 'argumento' : conversión de 'double' a 'int'; posible pérdida de datos
g:\julian\data\artificial intelligence\umng\04 (2009-i)\introducción a la computación gráfica\proyectos\organizado2d\khale\khale\circulo.cpp(26): warning C4244: 'argumento' : conversión de 'double' a 'int'; posible pérdida de datos
g:\julian\data\artificial intelligence\umng\04 (2009-i)\introducción a la computación gráfica\proyectos\organizado2d\khale\khale\circulo.cpp(33): warning C4244: 'argumento' : conversión de 'double' a 'int'; posible pérdida de datos
g:\julian\data\artificial intelligence\umng\04 (2009-i)\introducción a la computación gráfica\proyectos\organizado2d\khale\khale\circulo.cpp(33): warning C4244: 'argumento' : conversión de 'double' a 'int'; posible pérdida de datos
g:\julian\data\artificial intelligence\umng\04 (2009-i)\introducción a la computación gráfica\proyectos\organizado2d\khale\khale\circulo.cpp(35): warning C4244: 'argumento' : conversión de 'double' a 'int'; posible pérdida de datos
g:\julian\data\artificial intelligence\umng\04 (2009-i)\introducción a la computación gráfica\proyectos\organizado2d\khale\khale\circulo.cpp(35): warning C4244: 'argumento' : conversión de 'double' a 'int'; posible pérdida de datos
g:\julian\data\artificial intelligence\umng\04 (2009-i)\introducción a la computación gráfica\proyectos\organizado2d\khale\khale\circulo.cpp(47): warning C4244: 'argumento' : conversión de 'double' a 'int'; posible pérdida de datos
g:\julian\data\artificial intelligence\umng\04 (2009-i)\introducción a la computación gráfica\proyectos\organizado2d\khale\khale\circulo.cpp(47): warning C4244: 'argumento' : conversión de 'double' a 'int'; posible pérdida de datos
g:\julian\data\artificial intelligence\umng\04 (2009-i)\introducción a la computación gráfica\proyectos\organizado2d\khale\khale\circulo.cpp(79): warning C4244: '=' : conversión de 'double' a 'int'; posible pérdida de datos
  Articulacion.cpp
g:\julian\data\artificial intelligence\umng\04 (2009-i)\introducción a la computación gráfica\proyectos\organizado2d\khale\khale\articulacion.cpp(44): warning C4244: '=' : conversión de 'double' a 'LONG'; posible pérdida de datos
g:\julian\data\artificial intelligence\umng\04 (2009-i)\introducción a la computación gráfica\proyectos\organizado2d\khale\khale\articulacion.cpp(45): warning C4244: '=' : conversión de 'double' a 'LONG'; posible pérdida de datos
g:\julian\data\artificial intelligence\umng\04 (2009-i)\introducción a la computación gráfica\proyectos\organizado2d\khale\khale\articulacion.cpp(56): warning C4244: 'argumento' : conversión de 'double' a 'int'; posible pérdida de datos
g:\julian\data\artificial intelligence\umng\04 (2009-i)\introducción a la computación gráfica\proyectos\organizado2d\khale\khale\articulacion.cpp(56): warning C4244: 'argumento' : conversión de 'double' a 'int'; posible pérdida de datos
  Generando código...
LINK : fatal error LNK1104: no se puede abrir el archivo 'G:\JULIAN\DATA\Artificial Intelligence\UMNG\04 (2009-I)\Introducción a la Computación Gráfica\Proyectos\Organizado2D\Khale\Debug\Khale.exe'
